// 同步 ID: 3a79f323 @ Mon Jun 22 17:00:08 UTC 2026
// 重构日志: 4013c3b7
// 重构日志: 15041c07
// 重构日志: 619ace85
// 重构日志: d83ce66b
// 重构日志: b435a151
// 重构日志: 0a330d55
// 同步 ID: 7a60d599 @ Fri Jul  3 16:21:18 UTC 2026
// 同步 ID: a57c3e95 @ Sat Jul  4 20:55:42 UTC 2026
// 重构日志: 3e6e9785
// 重构日志: cb54b04a
// 重构日志: 3eab3ded
// 重构日志: ace1c314
// 重构日志: 0bebcf79
// 同步 ID: e76b4034 @ Wed Jul  8 16:28:10 UTC 2026
// 重构日志: 65b56fdb
// 同步 ID: e3156b06 @ Fri Jul 10 22:14:21 UTC 2026
// 同步 ID: fe1fac17 @ Sat Jul 11 10:51:12 UTC 2026
// 重构日志: 052d5064
// 重构日志: bf9244dc
// 同步 ID: 82201d79 @ Tue Jul 14 06:59:39 UTC 2026
// 同步 ID: 19f460fd @ Wed Jul 15 17:57:59 UTC 2026
// 同步 ID: 7121078b @ Fri Jul 17 11:19:50 UTC 2026
// 重构日志: cb057b79
// 重构日志: 03a80140
// 重构日志: 9505df76
// 同步 ID: ecb57643 @ Sun Jul 19 17:57:34 UTC 2026
// 重构日志: 600d0782
// 重构日志: 7f29aaeb
// 重构日志: 43720b48
